<?xml version="1.0" encoding="UTF-8"?>
<PathOfBuilding>
	<Build level="100" targetVersion="3_0" banditNormal="None" bandit="None" banditMerciless="None" className="Scion" ascendClassName="None" mainSocketGroup="1" viewMode="ITEMS" banditCruel="None">
		<PlayerStat stat="AverageDamage" value="27.744"/>
		<PlayerStat stat="Speed" value="1.6758"/>
		<PlayerStat stat="Speed" value="1.6758"/>
		<PlayerStat stat="PreEffectiveCritChance" value="5"/>
		<PlayerStat stat="CritChance" value="4"/>
		<PlayerStat stat="CritMultiplier" value="1.5"/>
		<PlayerStat stat="HitChance" value="80"/>
		<PlayerStat stat="TotalDPS" value="92.9867904"/>
		<PlayerStat stat="TotalDot" value="0"/>
		<PlayerStat stat="BleedDPS" value="15.708"/>
		<PlayerStat stat="WithPoisonDPS" value="92.9867904"/>
		<PlayerStat stat="ManaCost" value="5"/>
		<PlayerStat stat="Str" value="240"/>
		<PlayerStat stat="ReqStr" value="8"/>
		<PlayerStat stat="Dex" value="275"/>
		<PlayerStat stat="ReqDex" value="155"/>
		<PlayerStat stat="Int" value="250"/>
		<PlayerStat stat="ReqInt" value="11"/>
		<PlayerStat stat="Life" value="1393"/>
		<PlayerStat stat="Spec:LifeInc" value="0"/>
		<PlayerStat stat="LifeUnreserved" value="1393"/>
		<PlayerStat stat="LifeUnreservedPercent" value="100"/>
		<PlayerStat stat="LifeRegen" value="27.86"/>
		<PlayerStat stat="LifeLeechGainRate" value="5.36256"/>
		<PlayerStat stat="Mana" value="941"/>
		<PlayerStat stat="Spec:ManaInc" value="24"/>
		<PlayerStat stat="ManaUnreserved" value="941"/>
		<PlayerStat stat="ManaUnreservedPercent" value="100"/>
		<PlayerStat stat="ManaRegen" value="37"/>
		<PlayerStat stat="ManaLeechGainRate" value="0"/>
		<PlayerStat stat="EnergyShield" value="35"/>
		<PlayerStat stat="Spec:EnergyShieldInc" value="0"/>
		<PlayerStat stat="EnergyShieldRegen" value="0"/>
		<PlayerStat stat="EnergyShieldLeechGainRate" value="0"/>
		<PlayerStat stat="Evasion" value="759"/>
		<PlayerStat stat="Spec:EvasionInc" value="24"/>
		<PlayerStat stat="MeleeEvadeChance" value="5"/>
		<PlayerStat stat="MeleeEvadeChance" value="5"/>
		<PlayerStat stat="ProjectileEvadeChance" value="5"/>
		<PlayerStat stat="Armour" value="62"/>
		<PlayerStat stat="Spec:ArmourInc" value="24"/>
		<PlayerStat stat="PhysicalDamageReduction" value="1"/>
		<PlayerStat stat="EffectiveMovementSpeedMod" value="1.25"/>
		<PlayerStat stat="BlockChance" value="0"/>
		<PlayerStat stat="SpellBlockChance" value="0"/>
		<PlayerStat stat="AttackDodgeChance" value="0"/>
		<PlayerStat stat="SpellDodgeChance" value="0"/>
		<PlayerStat stat="FireResist" value="54"/>
		<PlayerStat stat="ColdResist" value="54"/>
		<PlayerStat stat="LightningResist" value="54"/>
		<PlayerStat stat="ChaosResist" value="-60"/>
		<PlayerStat stat="FireResistOverCap" value="0"/>
		<PlayerStat stat="ColdResistOverCap" value="0"/>
		<PlayerStat stat="LightningResistOverCap" value="0"/>
		<PlayerStat stat="ChaosResistOverCap" value="0"/>
		<PlayerStat stat="PowerCharges" value="0"/>
		<PlayerStat stat="PowerChargesMax" value="3"/>
		<PlayerStat stat="FrenzyCharges" value="0"/>
		<PlayerStat stat="FrenzyChargesMax" value="3"/>
		<PlayerStat stat="EnduranceCharges" value="0"/>
		<PlayerStat stat="EnduranceChargesMax" value="3"/>
	</Build>
	<Import/>
	<Calcs>
		<Input name="skill_number" number="1"/>
		<Input name="misc_buffMode" string="EFFECTIVE"/>
		<Section collapsed="nil" id="SkillSelect"/>
		<Section collapsed="nil" id="HitDamage"/>
		<Section collapsed="nil" id="Dot"/>
		<Section collapsed="nil" id="Speed"/>
		<Section collapsed="nil" id="Crit"/>
		<Section collapsed="nil" id="HitChance"/>
		<Section collapsed="nil" id="SkillTypeStats"/>
		<Section collapsed="nil" id="Bleed"/>
		<Section collapsed="nil" id="Poison"/>
		<Section collapsed="nil" id="Ignite"/>
		<Section collapsed="nil" id="Decay"/>
		<Section collapsed="nil" id="LeechGain"/>
		<Section collapsed="nil" id="MiscEffects"/>
		<Section collapsed="nil" id="Attributes"/>
		<Section collapsed="nil" id="Life"/>
		<Section collapsed="nil" id="Mana"/>
		<Section collapsed="nil" id="EnergyShield"/>
		<Section collapsed="nil" id="Armour"/>
		<Section collapsed="nil" id="Evasion"/>
		<Section collapsed="nil" id="Resist"/>
		<Section collapsed="nil" id="DamageTaken"/>
		<Section collapsed="nil" id="MiscDefences"/>
	</Calcs>
	<Skills defaultGemQuality="nil" defaultGemLevel="nil" sortGemsByDPS="true">
		<Skill mainActiveSkillCalcs="1" label="" enabled="true" slot="Weapon 1" mainActiveSkill="1">
			<Gem level="20" enableGlobal1="true" gemId="Metadata/Items/Gems/SkillGemDoubleStrike" skillMinionSkill="1" enableGlobal2="nil" quality="0" skillPart="1" skillMinionSkillCalcs="1" skillId="DoubleStrike" skillMinionCalcs="AxisEliteSoldierDominatingBlow" skillPartCalcs="1" enabled="true" nameSpec="Double Strike" skillMinion="SummonedChaosGolem"/>
		</Skill>
	</Skills>
	<Tree activeSpec="1">
		<Spec treeVersion="3_7">
			<URL>
				https://www.pathofexile.com/passive-skill-tree/AAAABAAAABzcm6EqTRR1QYfAGvno9zJGcacIgh73126qwcXGroZgOlK3PkwtSsi4k5u1gsc8LZSgvryDCcT2GDw26BhWvoAUsHvDDjy9J8M6cqno1hUgkzraYmBDvopodDB8rJh_xjso3Q218vjrA5axkPKXIuqC5JARqJrYTbfWW68A7izpWK-0DH8rytMtqD8nVvqIQm49UUeKr42_j0Z4DW-eFHF318pKBbUIZ9tZX7CDzCj66hhaUptdEQ-pbuvukyc=
			</URL>
			<Sockets>
				<Socket nodeId="7960" itemId="0"/>
				<Socket nodeId="32763" itemId="0"/>
				<Socket nodeId="28475" itemId="0"/>
				<Socket nodeId="26196" itemId="0"/>
				<Socket nodeId="36634" itemId="0"/>
				<Socket nodeId="33989" itemId="0"/>
				<Socket nodeId="21984" itemId="0"/>
				<Socket nodeId="46882" itemId="0"/>
				<Socket nodeId="61419" itemId="0"/>
				<Socket nodeId="54127" itemId="0"/>
				<Socket nodeId="6230" itemId="5"/>
				<Socket nodeId="55190" itemId="0"/>
				<Socket nodeId="48768" itemId="7"/>
				<Socket nodeId="2491" itemId="0"/>
				<Socket nodeId="61834" itemId="0"/>
				<Socket nodeId="41263" itemId="0"/>
				<Socket nodeId="60735" itemId="0"/>
				<Socket nodeId="33631" itemId="0"/>
				<Socket nodeId="34483" itemId="0"/>
				<Socket nodeId="31683" itemId="6"/>
				<Socket nodeId="26725" itemId="0"/>
			</Sockets>
		</Spec>
	</Tree>
	<Notes>
		
	</Notes>
	<TreeView searchStr="" zoomY="6.0550257201642" showHeatMap="nil" zoomLevel="2" showStatDifferences="true" zoomX="-136.78280435528"/>
	<Items activeItemSet="1" useSecondWeaponSet="nil">
		<Item variant="2" id="1">
			Rarity: UNIQUE
Redbeak
Rusted Sword
Variant: Pre 2.6.0
Variant: Current
Selected Variant: 2
Quality: 20
Sockets: G-G-G
LevelReq: 2
Implicits: 2
{variant:1}18% increased Accuracy Rating
{variant:2}40% increased Global Accuracy Rating
100% increased Damage when on Low Life
50% increased Physical Damage
Adds 2 to 6 Physical Damage
10% increased Attack Speed
{range:0.5}+(20-30) to maximum Life
+2 Life Gained for each Enemy hit by Attacks
			<ModRange range="0.5" id="7"/>
		</Item>
		<Item id="2">
			Rarity: UNIQUE
Wanderlust
Wool Shoes
Quality: 20
Sockets: B-B-B-B
Implicits: 0
+5 to Dexterity
{range:0.5}(20-40)% increased Mana Regeneration Rate
{range:0.5}+(10-20) to maximum Energy Shield
20% increased Movement Speed
Cannot be Frozen
			<ModRange range="0.5" id="2"/>
			<ModRange range="0.5" id="3"/>
		</Item>
		<Item id="3">
			Rarity: UNIQUE
Goldrim
Leather Cap
Quality: 20
Sockets: G-G-G-G
Implicits: 0
{range:0.5}+(30-50) to Evasion Rating
10% increased Rarity of Items found
{range:0.5}+(30-40)% to all Elemental Resistances
Reflects 4 Physical Damage to Melee Attackers
			<ModRange range="0.5" id="1"/>
			<ModRange range="0.5" id="3"/>
		</Item>
		<Item variant="21" id="4">
			Rarity: UNIQUE
String of Servitude
Heavy Belt
League: Incursion
Variant: Area of Effect
Variant: Crit Multi during Flask Effect
Variant: Attack Speed during Flask Effect
Variant: Cast Speed during Flask Effect
Variant: Crit Chance during Flask Effect
Variant: Effect Duration
Variant: Energy Shield
Variant: Life
Variant: Movement Speed during Flask Effect
Variant: Item Rarity
Variant: Item Quantity
Variant: Wrath Aura Effect
Variant: Anger Aura Effect
Variant: Hatred Aura Effect
Variant: Determination Aura Effect
Variant: Discipline Aura Effect
Variant: Grace Aura Effect
Variant: Intelligence/Dexterity
Variant: Dexterity/Strength
Variant: Strength/Intelligence
Variant: Elemental Resistances
Selected Variant: 21
LevelReq: 8
Implicits: 24
{variant:1}{range:0.5}(24-30)% increased Area of Effect
{variant:2}{range:0.5}+(60-75)% to Critical Strike Multiplier during any Flask Effect
{variant:3}{range:0.5}(24-36)% increased Attack Speed during any Flask Effect
{variant:4}{range:0.5}(24-36)% increased Cast Speed during any Flask Effect
{variant:5}{range:0.5}(105-120)% increased Critical Strike Chance during any Flask Effect
{variant:6}{range:0.5}(36-45)% increased Skill Effect Duration
{variant:7}{range:0.5}(24-30)% increased maximum Energy Shield
{variant:8}{range:0.5}(18-24)% increased maximum Life
{variant:9}{range:0.5}(24-36)% increased Movement Speed during any Flask Effect
{variant:10}{range:0.5}(60-90)% increased Rarity of Items found
{variant:11}{range:0.5}(9-15)% increased Quantity of Items found
{variant:12}{range:0.5}Wrath has (45-60)% increased Aura Effect
{variant:13}{range:0.5}Anger has (45-60)% increased Aura Effect
{variant:14}{range:0.5}Hatred has (45-60)% increased Aura Effect
{variant:15}{range:0.5}Determination has (45-60)% increased Aura Effect
{variant:16}{range:0.5}Discipline has (45-60)% increased Aura Effect
{variant:17}{range:0.5}Grace has (45-60)% increased Aura Effect
{variant:18}{range:0.5}(12-18)% increased Intelligence
{variant:18}{range:0.5}(12-18)% increased Dexterity
{variant:19}{range:0.5}(12-18)% increased Dexterity
{variant:19}{range:0.5}(12-18)% increased Strength
{variant:20}{range:0.5}(12-18)% increased Strength
{variant:20}{range:0.5}(12-18)% increased Intelligence
{variant:21}{range:0.5}+(42-48)% to all Elemental Resistances
Implicit Modifier magnitudes are tripled
Corrupted
			<ModRange range="0.5" id="1"/>
			<ModRange range="0.5" id="2"/>
			<ModRange range="0.5" id="3"/>
			<ModRange range="0.5" id="4"/>
			<ModRange range="0.5" id="5"/>
			<ModRange range="0.5" id="6"/>
			<ModRange range="0.5" id="7"/>
			<ModRange range="0.5" id="8"/>
			<ModRange range="0.5" id="9"/>
			<ModRange range="0.5" id="10"/>
			<ModRange range="0.5" id="11"/>
			<ModRange range="0.5" id="12"/>
			<ModRange range="0.5" id="13"/>
			<ModRange range="0.5" id="14"/>
			<ModRange range="0.5" id="15"/>
			<ModRange range="0.5" id="16"/>
			<ModRange range="0.5" id="17"/>
			<ModRange range="0.5" id="18"/>
			<ModRange range="0.5" id="19"/>
			<ModRange range="0.5" id="20"/>
			<ModRange range="0.5" id="21"/>
			<ModRange range="0.5" id="22"/>
			<ModRange range="0.5" id="23"/>
			<ModRange range="0.5" id="24"/>
		</Item>
		<Item id="5">
			Rarity: UNIQUE
Survival Instincts
Viridian Jewel
Limited to: 1
Implicits: 0
+20 to Dexterity
+6% to all Elemental Resistances
		</Item>
		<Item id="6">
			Rarity: UNIQUE
Survival Secrets
Cobalt Jewel
Limited to: 1
Implicits: 0
3 Mana Regenerated per second
10% increased Elemental Damage
		</Item>
		<Item id="7">
			Rarity: UNIQUE
Survival Skills
Crimson Jewel
Limited to: 1
Implicits: 0
10% increased Physical Damage
+50 to Armour
		</Item>
		<Item id="8">
			Rarity: UNIQUE
Starforge
Infernal Sword
Shaper Item
Quality: 20
Sockets: G-G-G-G-G-G
LevelReq: 67
Implicits: 1
30% increased Accuracy Rating
{range:0.5}(400-500)% increased Physical Damage
{range:0.5}(5-8)% increased Attack Speed
{range:0.5}+(90-100) to maximum Life
20% increased Area of Effect for Attacks
Deal no Elemental Damage
Your Physical Damage can Shock
			<ModRange range="0.5" id="2"/>
			<ModRange range="0.5" id="3"/>
			<ModRange range="0.5" id="4"/>
		</Item>
		<Slot name="Weapon 1" itemId="1"/>
		<Slot name="Boots" itemId="2"/>
		<Slot name="Helmet" itemId="3"/>
		<Slot name="Belt" itemId="4"/>
		<ItemSet useSecondWeaponSet="nil" id="1">
			<Slot name="Gloves" itemId="0"/>
			<Slot name="Weapon 1" itemId="1"/>
			<Slot name="Weapon 2Swap Abyssal Socket 2" itemId="0"/>
			<Slot name="Belt Abyssal Socket 2" itemId="0"/>
			<Slot name="Flask 3" itemId="0"/>
			<Slot name="Body Armour Abyssal Socket 2" itemId="0"/>
			<Slot name="Amulet" itemId="0"/>
			<Slot name="Flask 1" itemId="0"/>
			<Slot name="Weapon 2Swap Abyssal Socket 1" itemId="0"/>
			<Slot name="Flask 5" itemId="0"/>
			<Slot name="Belt Abyssal Socket 1" itemId="0"/>
			<Slot name="Flask 2" itemId="0"/>
			<Slot name="Helmet Abyssal Socket 2" itemId="0"/>
			<Slot name="Weapon 2 Swap" itemId="0"/>
			<Slot name="Weapon 1 Abyssal Socket 1" itemId="0"/>
			<Slot name="Weapon 2" itemId="0"/>
			<Slot name="Body Armour" itemId="0"/>
			<Slot name="Flask 4" itemId="0"/>
			<Slot name="Weapon 1 Abyssal Socket 2" itemId="0"/>
			<Slot name="Weapon 2 Abyssal Socket 2" itemId="0"/>
			<Slot name="Weapon 1 Swap" itemId="0"/>
			<Slot name="Ring 2" itemId="0"/>
			<Slot name="Boots Abyssal Socket 2" itemId="0"/>
			<Slot name="Gloves Abyssal Socket 2" itemId="0"/>
			<Slot name="Body Armour Abyssal Socket 1" itemId="0"/>
			<Slot name="Gloves Abyssal Socket 1" itemId="0"/>
			<Slot name="Helmet Abyssal Socket 1" itemId="0"/>
			<Slot name="Weapon 2 Abyssal Socket 1" itemId="0"/>
			<Slot name="Boots" itemId="2"/>
			<Slot name="Weapon 1Swap Abyssal Socket 1" itemId="0"/>
			<Slot name="Ring 1" itemId="0"/>
			<Slot name="Weapon 1Swap Abyssal Socket 2" itemId="0"/>
			<Slot name="Helmet" itemId="3"/>
			<Slot name="Boots Abyssal Socket 1" itemId="0"/>
			<Slot name="Belt" itemId="4"/>
		</ItemSet>
	</Items>
	<Config/>
</PathOfBuilding>
